GraphQL Server is now running on http://localhost:8080
App is now running on http://localhost:3000
Hash: [1m60dc3e787f4607b412ab[22m
Version: webpack [1m1.12.9[22m
Time: [1m2847[22mms
 [1mAsset[22m     [1mSize[22m  [1mChunks[22m  [1m[22m           [1mChunk Names[22m
[1m[32mapp.js[39m[22m  1.56 MB       [1m0[22m  [1m[32m[emitted][39m[22m  main
chunk    {[1m[33m0[39m[22m} [1m[32mapp.js[39m[22m (main) 1.48 MB[1m[32m [rendered][39m[22m
    [0] [1m./js/app.js[22m 808 bytes {[1m[33m0[39m[22m}[1m[32m [built][39m[22m
    [1] [1m./~/babel-polyfill/lib/index.js[22m 209 bytes {[1m[33m0[39m[22m}[1m[32m [built][39m[22m
    [2] [1m./~/core-js/shim.js[22m 4.31 kB {[1m[33m0[39m[22m}[1m[32m [built][39m[22m
    [3] [1m./~/core-js/modules/es5.js[22m 10.2 kB {[1m[33m0[39m[22m}[1m[32m [built][39m[22m
    [4] [1m./~/core-js/modules/$.js[22m 417 bytes {[1m[33m0[39m[22m}[1m[32m [built][39m[22m
    [5] [1m./~/core-js/modules/$.export.js[22m 1.5 kB {[1m[33m0[39m[22m}[1m[32m [built][39m[22m
    [6] [1m./~/core-js/modules/$.global.js[22m 322 bytes {[1m[33m0[39m[22m}[1m[32m [built][39m[22m
    [7] [1m./~/core-js/modules/$.core.js[22m 117 bytes {[1m[33m0[39m[22m}[1m[32m [built][39m[22m
    [8] [1m./~/core-js/modules/$.hide.js[22m 286 bytes {[1m[33m0[39m[22m}[1m[32m [built][39m[22m
    [9] [1m./~/core-js/modules/$.property-desc.js[22m 183 bytes {[1m[33m0[39m[22m}[1m[32m [built][39m[22m
   [10] [1m./~/core-js/modules/$.descriptors.js[22m 178 bytes {[1m[33m0[39m[22m}[1m[32m [built][39m[22m
   [11] [1m./~/core-js/modules/$.fails.js[22m 99 bytes {[1m[33m0[39m[22m}[1m[32m [built][39m[22m
   [12] [1m./~/core-js/modules/$.redefine.js[22m 898 bytes {[1m[33m0[39m[22m}[1m[32m [built][39m[22m
   [13] [1m./~/core-js/modules/$.uid.js[22m 158 bytes {[1m[33m0[39m[22m}[1m[32m [built][39m[22m
   [14] [1m./~/core-js/modules/$.ctx.js[22m 506 bytes {[1m[33m0[39m[22m}[1m[32m [built][39m[22m
   [15] [1m./~/core-js/modules/$.a-function.js[22m 120 bytes {[1m[33m0[39m[22m}[1m[32m [built][39m[22m
   [16] [1m./~/core-js/modules/$.html.js[22m 76 bytes {[1m[33m0[39m[22m}[1m[32m [built][39m[22m
   [17] [1m./~/core-js/modules/$.dom-create.js[22m 288 bytes {[1m[33m0[39m[22m}[1m[32m [built][39m[22m
   [18] [1m./~/core-js/modules/$.is-object.js[22m 107 bytes {[1m[33m0[39m[22m}[1m[32m [built][39m[22m
   [19] [1m./~/core-js/modules/$.has.js[22m 117 bytes {[1m[33m0[39m[22m}[1m[32m [built][39m[22m
   [20] [1m./~/core-js/modules/$.cof.js[22m 103 bytes {[1m[33m0[39m[22m}[1m[32m [built][39m[22m
   [21] [1m./~/core-js/modules/$.invoke.js[22m 709 bytes {[1m[33m0[39m[22m}[1m[32m [built][39m[22m
   [22] [1m./~/core-js/modules/$.an-object.js[22m 150 bytes {[1m[33m0[39m[22m}[1m[32m [built][39m[22m
   [23] [1m./~/core-js/modules/$.to-object.js[22m 130 bytes {[1m[33m0[39m[22m}[1m[32m [built][39m[22m
   [24] [1m./~/core-js/modules/$.defined.js[22m 157 bytes {[1m[33m0[39m[22m}[1m[32m [built][39m[22m
   [25] [1m./~/core-js/modules/$.to-iobject.js[22m 215 bytes {[1m[33m0[39m[22m}[1m[32m [built][39m[22m
   [26] [1m./~/core-js/modules/$.iobject.js[22m 237 bytes {[1m[33m0[39m[22m}[1m[32m [built][39m[22m
   [27] [1m./~/core-js/modules/$.to-integer.js[22m 158 bytes {[1m[33m0[39m[22m}[1m[32m [built][39m[22m
   [28] [1m./~/core-js/modules/$.to-index.js[22m 231 bytes {[1m[33m0[39m[22m}[1m[32m [built][39m[22m
   [29] [1m./~/core-js/modules/$.to-length.js[22m 218 bytes {[1m[33m0[39m[22m}[1m[32m [built][39m[22m
   [30] [1m./~/core-js/modules/$.array-methods.js[22m 1.52 kB {[1m[33m0[39m[22m}[1m[32m [built][39m[22m
   [31] [1m./~/core-js/modules/$.array-species-create.js[22m 541 bytes {[1m[33m0[39m[22m}[1m[32m [built][39m[22m
   [32] [1m./~/core-js/modules/$.is-array.js[22m 138 bytes {[1m[33m0[39m[22m}[1m[32m [built][39m[22m
   [33] [1m./~/core-js/modules/$.wks.js[22m 257 bytes {[1m[33m0[39m[22m}[1m[32m [built][39m[22m
   [34] [1m./~/core-js/modules/$.shared.js[22m 199 bytes {[1m[33m0[39m[22m}[1m[32m [built][39m[22m
   [35] [1m./~/core-js/modules/$.array-includes.js[22m 786 bytes {[1m[33m0[39m[22m}[1m[32m [built][39m[22m
   [36] [1m./~/core-js/modules/es6.symbol.js[22m 7.7 kB {[1m[33m0[39m[22m}[1m[32m [built][39m[22m
   [37] [1m./~/core-js/modules/$.set-to-string-tag.js[22m 252 bytes {[1m[33m0[39m[22m}[1m[32m [built][39m[22m
   [38] [1m./~/core-js/modules/$.keyof.js[22m 299 bytes {[1m[33m0[39m[22m}[1m[32m [built][39m[22m
   [39] [1m./~/core-js/modules/$.get-names.js[22m 608 bytes {[1m[33m0[39m[22m}[1m[32m [built][39m[22m
   [40] [1m./~/core-js/modules/$.enum-keys.js[22m 385 bytes {[1m[33m0[39m[22m}[1m[32m [built][39m[22m
   [41] [1m./~/core-js/modules/$.library.js[22m 23 bytes {[1m[33m0[39m[22m}[1m[32m [built][39m[22m
   [42] [1m./~/core-js/modules/es6.object.assign.js[22m 161 bytes {[1m[33m0[39m[22m}[1m[32m [built][39m[22m
   [43] [1m./~/core-js/modules/$.object-assign.js[22m 1.09 kB {[1m[33m0[39m[22m}[1m[32m [built][39m[22m
   [44] [1m./~/core-js/modules/es6.object.is.js[22m 138 bytes {[1m[33m0[39m[22m}[1m[32m [built][39m[22m
   [45] [1m./~/core-js/modules/$.same-value.js[22m 142 bytes {[1m[33m0[39m[22m}[1m[32m [built][39m[22m
   [46] [1m./~/core-js/modules/es6.object.set-prototype-of.js[22m 159 bytes {[1m[33m0[39m[22m}[1m[32m [built][39m[22m
   [47] [1m./~/core-js/modules/$.set-proto.js[22m 914 bytes {[1m[33m0[39m[22m}[1m[32m [built][39m[22m
   [48] [1m./~/core-js/modules/es6.object.to-string.js[22m 322 bytes {[1m[33m0[39m[22m}[1m[32m [built][39m[22m
   [49] [1m./~/core-js/modules/$.classof.js[22m 565 bytes {[1m[33m0[39m[22m}[1m[32m [built][39m[22m
   [50] [1m./~/core-js/modules/es6.object.freeze.js[22m 219 bytes {[1m[33m0[39m[22m}[1m[32m [built][39m[22m
   [51] [1m./~/core-js/modules/$.object-sap.js[22m 371 bytes {[1m[33m0[39m[22m}[1m[32m [built][39m[22m
   [52] [1m./~/core-js/modules/es6.object.seal.js[22m 208 bytes {[1m[33m0[39m[22m}[1m[32m [built][39m[22m
   [53] [1m./~/core-js/modules/es6.object.prevent-extensions.js[22m 286 bytes {[1m[33m0[39m[22m}[1m[32m [built][39m[22m
   [54] [1m./~/core-js/modules/es6.object.is-frozen.js[22m 241 bytes {[1m[33m0[39m[22m}[1m[32m [built][39m[22m
   [55] [1m./~/core-js/modules/es6.object.is-sealed.js[22m 241 bytes {[1m[33m0[39m[22m}[1m[32m [built][39m[22m
   [56] [1m./~/core-js/modules/es6.object.is-extensible.js[22m 265 bytes {[1m[33m0[39m[22m}[1m[32m [built][39m[22m
   [57] [1m./~/core-js/modules/es6.object.get-own-property-descriptor.js[22m 304 bytes {[1m[33m0[39m[22m}[1m[32m [built][39m[22m
   [58] [1m./~/core-js/modules/es6.object.get-prototype-of.js[22m 238 bytes {[1m[33m0[39m[22m}[1m[32m [built][39m[22m
   [59] [1m./~/core-js/modules/es6.object.keys.js[22m 189 bytes {[1m[33m0[39m[22m}[1m[32m [built][39m[22m
   [60] [1m./~/core-js/modules/es6.object.get-own-property-names.js[22m 145 bytes {[1m[33m0[39m[22m}[1m[32m [built][39m[22m
   [61] [1m./~/core-js/modules/es6.function.name.js[22m 524 bytes {[1m[33m0[39m[22m}[1m[32m [built][39m[22m
   [62] [1m./~/core-js/modules/es6.function.has-instance.js[22m 623 bytes {[1m[33m0[39m[22m}[1m[32m [built][39m[22m
   [63] [1m./~/core-js/modules/es6.number.constructor.js[22m 2.63 kB {[1m[33m0[39m[22m}[1m[32m [built][39m[22m
   [64] [1m./~/core-js/modules/$.to-primitive.js[22m 656 bytes {[1m[33m0[39m[22m}[1m[32m [built][39m[22m
   [65] [1m./~/core-js/modules/$.string-trim.js[22m 941 bytes {[1m[33m0[39m[22m}[1m[32m [built][39m[22m
   [66] [1m./~/core-js/modules/es6.number.epsilon.js[22m 123 bytes {[1m[33m0[39m[22m}[1m[32m [built][39m[22m
   [67] [1m./~/core-js/modules/es6.number.is-finite.js[22m 247 bytes {[1m[33m0[39m[22m}[1m[32m [built][39m[22m
   [68] [1m./~/core-js/modules/es6.number.is-integer.js[22m 144 bytes {[1m[33m0[39m[22m}[1m[32m [built][39m[22m
   [69] [1m./~/core-js/modules/$.is-integer.js[22m 207 bytes {[1m[33m0[39m[22m}[1m[32m [built][39m[22m
   [70] [1m./~/core-js/modules/es6.number.is-nan.js[22m 171 bytes {[1m[33m0[39m[22m}[1m[32m [built][39m[22m
   [71] [1m./~/core-js/modules/es6.number.is-safe-integer.js[22m 300 bytes {[1m[33m0[39m[22m}[1m[32m [built][39m[22m
   [72] [1m./~/core-js/modules/es6.number.max-safe-integer.js[22m 141 bytes {[1m[33m0[39m[22m}[1m[32m [built][39m[22m
   [73] [1m./~/core-js/modules/es6.number.min-safe-integer.js[22m 143 bytes {[1m[33m0[39m[22m}[1m[32m [built][39m[22m
   [74] [1m./~/core-js/modules/es6.number.parse-float.js[22m 132 bytes {[1m[33m0[39m[22m}[1m[32m [built][39m[22m
   [75] [1m./~/core-js/modules/es6.number.parse-int.js[22m 133 bytes {[1m[33m0[39m[22m}[1m[32m [built][39m[22m
   [76] [1m./~/core-js/modules/es6.math.acosh.js[22m 484 bytes {[1m[33m0[39m[22m}[1m[32m [built][39m[22m
   [77] [1m./~/core-js/modules/$.math-log1p.js[22m 152 bytes {[1m[33m0[39m[22m}[1m[32m [built][39m[22m
   [78] [1m./~/core-js/modules/es6.math.asinh.js[22m 229 bytes {[1m[33m0[39m[22m}[1m[32m [built][39m[22m
   [79] [1m./~/core-js/modules/es6.math.atanh.js[22m 192 bytes {[1m[33m0[39m[22m}[1m[32m [built][39m[22m
   [80] [1m./~/core-js/modules/es6.math.cbrt.js[22m 220 bytes {[1m[33m0[39m[22m}[1m[32m [built][39m[22m
   [81] [1m./~/core-js/modules/$.math-sign.js[22m 131 bytes {[1m[33m0[39m[22m}[1m[32m [built][39m[22m
   [82] [1m./~/core-js/modules/es6.math.clz32.js[22m 207 bytes {[1m[33m0[39m[22m}[1m[32m [built][39m[22m
   [83] [1m./~/core-js/modules/es6.math.cosh.js[22m 189 bytes {[1m[33m0[39m[22m}[1m[32m [built][39m[22m
   [84] [1m./~/core-js/modules/es6.math.expm1.js[22m 128 bytes {[1m[33m0[39m[22m}[1m[32m [built][39m[22m
   [85] [1m./~/core-js/modules/$.math-expm1.js[22m 165 bytes {[1m[33m0[39m[22m}[1m[32m [built][39m[22m
   [86] [1m./~/core-js/modules/es6.math.fround.js[22m 745 bytes {[1m[33m0[39m[22m}[1m[32m [built][39m[22m
   [87] [1m./~/core-js/modules/es6.math.hypot.js[22m 678 bytes {[1m[33m0[39m[22m}[1m[32m [built][39m[22m
   [88] [1m./~/core-js/modules/es6.math.imul.js[22m 534 bytes {[1m[33m0[39m[22m}[1m[32m [built][39m[22m
   [89] [1m./~/core-js/modules/es6.math.log10.js[22m 165 bytes {[1m[33m0[39m[22m}[1m[32m [built][39m[22m
   [90] [1m./~/core-js/modules/es6.math.log1p.js[22m 128 bytes {[1m[33m0[39m[22m}[1m[32m [built][39m[22m
   [91] [1m./~/core-js/modules/es6.math.log2.js[22m 161 bytes {[1m[33m0[39m[22m}[1m[32m [built][39m[22m
   [92] [1m./~/core-js/modules/es6.math.sign.js[22m 125 bytes {[1m[33m0[39m[22m}[1m[32m [built][39m[22m
   [93] [1m./~/core-js/modules/es6.math.sinh.js[22m 457 bytes {[1m[33m0[39m[22m}[1m[32m [built][39m[22m
   [94] [1m./~/core-js/modules/es6.math.tanh.js[22m 320 bytes {[1m[33m0[39m[22m}[1m[32m [built][39m[22m
   [95] [1m./~/core-js/modules/es6.math.trunc.js[22m 180 bytes {[1m[33m0[39m[22m}[1m[32m [built][39m[22m
   [96] [1m./~/core-js/modules/es6.string.from-code-point.js[22m 866 bytes {[1m[33m0[39m[22m}[1m[32m [built][39m[22m
   [97] [1m./~/core-js/modules/es6.string.raw.js[22m 537 bytes {[1m[33m0[39m[22m}[1m[32m [built][39m[22m
   [98] [1m./~/core-js/modules/es6.string.trim.js[22m 164 bytes {[1m[33m0[39m[22m}[1m[32m [built][39m[22m
   [99] [1m./~/core-js/modules/es6.string.iterator.js[22m 525 bytes {[1m[33m0[39m[22m}[1m[32m [built][39m[22m
  [100] [1m./~/core-js/modules/$.string-at.js[22m 613 bytes {[1m[33m0[39m[22m}[1m[32m [built][39m[22m
  [101] [1m./~/core-js/modules/$.iter-define.js[22m 2.6 kB {[1m[33m0[39m[22m}[1m[32m [built][39m[22m
  [102] [1m./~/core-js/modules/$.iterators.js[22m 20 bytes {[1m[33m0[39m[22m}[1m[32m [built][39m[22m
  [103] [1m./~/core-js/modules/$.iter-create.js[22m 521 bytes {[1m[33m0[39m[22m}[1m[32m [built][39m[22m
  [104] [1m./~/core-js/modules/es6.string.code-point-at.js[22m 252 bytes {[1m[33m0[39m[22m}[1m[32m [built][39m[22m
  [105] [1m./~/core-js/modules/es6.string.ends-with.js[22m 855 bytes {[1m[33m0[39m[22m}[1m[32m [built][39m[22m
  [106] [1m./~/core-js/modules/$.string-context.js[22m 311 bytes {[1m[33m0[39m[22m}[1m[32m [built][39m[22m
  [107] [1m./~/core-js/modules/$.is-regexp.js[22m 295 bytes {[1m[33m0[39m[22m}[1m[32m [built][39m[22m
  [108] [1m./~/core-js/modules/$.fails-is-regexp.js[22m 245 bytes {[1m[33m0[39m[22m}[1m[32m [built][39m[22m
  [109] [1m./~/core-js/modules/es6.string.includes.js[22m 479 bytes {[1m[33m0[39m[22m}[1m[32m [built][39m[22m
  [110] [1m./~/core-js/modules/es6.string.repeat.js[22m 157 bytes {[1m[33m0[39m[22m}[1m[32m [built][39m[22m
  [111] [1m./~/core-js/modules/$.string-repeat.js[22m 368 bytes {[1m[33m0[39m[22m}[1m[32m [built][39m[22m
  [112] [1m./~/core-js/modules/es6.string.starts-with.js[22m 784 bytes {[1m[33m0[39m[22m}[1m[32m [built][39m[22m
  [113] [1m./~/core-js/modules/es6.array.from.js[22m 1.59 kB {[1m[33m0[39m[22m}[1m[32m [built][39m[22m
  [114] [1m./~/core-js/modules/$.iter-call.js[22m 404 bytes {[1m[33m0[39m[22m}[1m[32m [built][39m[22m
  [115] [1m./~/core-js/modules/$.is-array-iter.js[22m 279 bytes {[1m[33m0[39m[22m}[1m[32m [built][39m[22m
  [116] [1m./~/core-js/modules/core.get-iterator-method.js[22m 297 bytes {[1m[33m0[39m[22m}[1m[32m [built][39m[22m
  [117] [1m./~/core-js/modules/$.iter-detect.js[22m 568 bytes {[1m[33m0[39m[22m}[1m[32m [built][39m[22m
  [118] [1m./~/core-js/modules/es6.array.of.js[22m 544 bytes {[1m[33m0[39m[22m}[1m[32m [built][39m[22m
  [119] [1m./~/core-js/modules/es6.array.iterator.js[22m 1.14 kB {[1m[33m0[39m[22m}[1m[32m [built][39m[22m
  [120] [1m./~/core-js/modules/$.add-to-unscopables.js[22m 294 bytes {[1m[33m0[39m[22m}[1m[32m [built][39m[22m
  [121] [1m./~/core-js/modules/$.iter-step.js[22m 81 bytes {[1m[33m0[39m[22m}[1m[32m [built][39m[22m
  [122] [1m./~/core-js/modules/es6.array.species.js[22m 36 bytes {[1m[33m0[39m[22m}[1m[32m [built][39m[22m
  [123] [1m./~/core-js/modules/$.set-species.js[22m 366 bytes {[1m[33m0[39m[22m}[1m[32m [built][39m[22m
  [124] [1m./~/core-js/modules/es6.array.copy-within.js[22m 237 bytes {[1m[33m0[39m[22m}[1m[32m [built][39m[22m
  [125] [1m./~/core-js/modules/$.array-copy-within.js[22m 846 bytes {[1m[33m0[39m[22m}[1m[32m [built][39m[22m
  [126] [1m./~/core-js/modules/es6.array.fill.js[22m 215 bytes {[1m[33m0[39m[22m}[1m[32m [built][39m[22m
  [127] [1m./~/core-js/modules/$.array-fill.js[22m 630 bytes {[1m[33m0[39m[22m}[1m[32m [built][39m[22m
  [128] [1m./~/core-js/modules/es6.array.find.js[22m 526 bytes {[1m[33m0[39m[22m}[1m[32m [built][39m[22m
  [129] [1m./~/core-js/modules/es6.array.find-index.js[22m 546 bytes {[1m[33m0[39m[22m}[1m[32m [built][39m[22m
  [130] [1m./~/core-js/modules/es6.regexp.constructor.js[22m 1.39 kB {[1m[33m0[39m[22m}[1m[32m [built][39m[22m
  [131] [1m./~/core-js/modules/$.flags.js[22m 376 bytes {[1m[33m0[39m[22m}[1m[32m [built][39m[22m
  [132] [1m./~/core-js/modules/es6.regexp.flags.js[22m 208 bytes {[1m[33m0[39m[22m}[1m[32m [built][39m[22m
  [133] [1m./~/core-js/modules/es6.regexp.match.js[22m 364 bytes {[1m[33m0[39m[22m}[1m[32m [built][39m[22m
  [134] [1m./~/core-js/modules/$.fix-re-wks.js[22m 912 bytes {[1m[33m0[39m[22m}[1m[32m [built][39m[22m
  [135] [1m./~/core-js/modules/es6.regexp.replace.js[22m 480 bytes {[1m[33m0[39m[22m}[1m[32m [built][39m[22m
  [136] [1m./~/core-js/modules/es6.regexp.search.js[22m 371 bytes {[1m[33m0[39m[22m}[1m[32m [built][39m[22m
  [137] [1m./~/core-js/modules/es6.regexp.split.js[22m 424 bytes {[1m[33m0[39m[22m}[1m[32m [built][39m[22m
  [138] [1m./~/core-js/modules/es6.promise.js[22m 9.21 kB {[1m[33m0[39m[22m}[1m[32m [built][39m[22m
  [139] [1m./~/core-js/modules/$.strict-new.js[22m 152 bytes {[1m[33m0[39m[22m}[1m[32m [built][39m[22m
  [140] [1m./~/core-js/modules/$.for-of.js[22m 891 bytes {[1m[33m0[39m[22m}[1m[32m [built][39m[22m
  [141] [1m./~/core-js/modules/$.species-constructor.js[22m 343 bytes {[1m[33m0[39m[22m}[1m[32m [built][39m[22m
  [142] [1m./~/core-js/modules/$.microtask.js[22m 1.73 kB {[1m[33m0[39m[22m}[1m[32m [built][39m[22m
  [143] [1m./~/core-js/modules/$.task.js[22m 2.28 kB {[1m[33m0[39m[22m}[1m[32m [built][39m[22m
  [144] [1m./~/core-js/modules/$.redefine-all.js[22m 153 bytes {[1m[33m0[39m[22m}[1m[32m [built][39m[22m
  [145] [1m./~/core-js/modules/es6.map.js[22m 526 bytes {[1m[33m0[39m[22m}[1m[32m [built][39m[22m
  [146] [1m./~/core-js/modules/$.collection-strong.js[22m 5.39 kB {[1m[33m0[39m[22m}[1m[32m [built][39m[22m
  [147] [1m./~/core-js/modules/$.collection.js[22m 3.08 kB {[1m[33m0[39m[22m}[1m[32m [built][39m[22m
  [148] [1m./~/core-js/modules/es6.set.js[22m 381 bytes {[1m[33m0[39m[22m}[1m[32m [built][39m[22m
  [149] [1m./~/core-js/modules/es6.weak-map.js[22m 1.48 kB {[1m[33m0[39m[22m}[1m[32m [built][39m[22m
  [150] [1m./~/core-js/modules/$.collection-weak.js[22m 2.72 kB {[1m[33m0[39m[22m}[1m[32m [built][39m[22m
  [151] [1m./~/core-js/modules/es6.weak-set.js[22m 375 bytes {[1m[33m0[39m[22m}[1m[32m [built][39m[22m
  [152] [1m./~/core-js/modules/es6.reflect.apply.js[22m 290 bytes {[1m[33m0[39m[22m}[1m[32m [built][39m[22m
  [153] [1m./~/core-js/modules/es6.reflect.construct.js[22m 1.68 kB {[1m[33m0[39m[22m}[1m[32m [built][39m[22m
  [154] [1m./~/core-js/modules/es6.reflect.define-property.js[22m 637 bytes {[1m[33m0[39m[22m}[1m[32m [built][39m[22m
  [155] [1m./~/core-js/modules/es6.reflect.delete-property.js[22m 405 bytes {[1m[33m0[39m[22m}[1m[32m [built][39m[22m
  [156] [1m./~/core-js/modules/es6.reflect.enumerate.js[22m 735 bytes {[1m[33m0[39m[22m}[1m[32m [built][39m[22m
  [157] [1m./~/core-js/modules/es6.reflect.get.js[22m 727 bytes {[1m[33m0[39m[22m}[1m[32m [built][39m[22m
  [158] [1m./~/core-js/modules/es6.reflect.get-own-property-descriptor.js[22m 349 bytes {[1m[33m0[39m[22m}[1m[32m [built][39m[22m
  [159] [1m./~/core-js/modules/es6.reflect.get-prototype-of.js[22m 288 bytes {[1m[33m0[39m[22m}[1m[32m [built][39m[22m
  [160] [1m./~/core-js/modules/es6.reflect.has.js[22m 196 bytes {[1m[33m0[39m[22m}[1m[32m [built][39m[22m
  [161] [1m./~/core-js/modules/es6.reflect.is-extensible.js[22m 334 bytes {[1m[33m0[39m[22m}[1m[32m [built][39m[22m
  [162] [1m./~/core-js/modules/es6.reflect.own-keys.js[22m 139 bytes {[1m[33m0[39m[22m}[1m[32m [built][39m[22m
  [163] [1m./~/core-js/modules/$.own-keys.js[22m 378 bytes {[1m[33m0[39m[22m}[1m[32m [built][39m[22m
  [164] [1m./~/core-js/modules/es6.reflect.prevent-extensions.js[22m 439 bytes {[1m[33m0[39m[22m}[1m[32m [built][39m[22m
  [165] [1m./~/core-js/modules/es6.reflect.set.js[22m 1.07 kB {[1m[33m0[39m[22m}[1m[32m [built][39m[22m
  [166] [1m./~/core-js/modules/es6.reflect.set-prototype-of.js[22m 378 bytes {[1m[33m0[39m[22m}[1m[32m [built][39m[22m
  [167] [1m./~/core-js/modules/es7.array.includes.js[22m 385 bytes {[1m[33m0[39m[22m}[1m[32m [built][39m[22m
  [168] [1m./~/core-js/modules/es7.string.at.js[22m 242 bytes {[1m[33m0[39m[22m}[1m[32m [built][39m[22m
  [169] [1m./~/core-js/modules/es7.string.pad-left.js[22m 283 bytes {[1m[33m0[39m[22m}[1m[32m [built][39m[22m
  [170] [1m./~/core-js/modules/$.string-pad.js[22m 773 bytes {[1m[33m0[39m[22m}[1m[32m [built][39m[22m
  [171] [1m./~/core-js/modules/es7.string.pad-right.js[22m 286 bytes {[1m[33m0[39m[22m}[1m[32m [built][39m[22m
  [172] [1m./~/core-js/modules/es7.string.trim-left.js[22m 203 bytes {[1m[33m0[39m[22m}[1m[32m [built][39m[22m
  [173] [1m./~/core-js/modules/es7.string.trim-right.js[22m 205 bytes {[1m[33m0[39m[22m}[1m[32m [built][39m[22m
  [174] [1m./~/core-js/modules/es7.regexp.escape.js[22m 234 bytes {[1m[33m0[39m[22m}[1m[32m [built][39m[22m
  [175] [1m./~/core-js/modules/$.replacer.js[22m 227 bytes {[1m[33m0[39m[22m}[1m[32m [built][39m[22m
  [176] [1m./~/core-js/modules/es7.object.get-own-property-descriptors.js[22m 720 bytes {[1m[33m0[39m[22m}[1m[32m [built][39m[22m
  [177] [1m./~/core-js/modules/es7.object.values.js[22m 207 bytes {[1m[33m0[39m[22m}[1m[32m [built][39m[22m
  [178] [1m./~/core-js/modules/$.object-to-array.js[22m 443 bytes {[1m[33m0[39m[22m}[1m[32m [built][39m[22m
  [179] [1m./~/core-js/modules/es7.object.entries.js[22m 211 bytes {[1m[33m0[39m[22m}[1m[32m [built][39m[22m
  [180] [1m./~/core-js/modules/es7.map.to-json.js[22m 176 bytes {[1m[33m0[39m[22m}[1m[32m [built][39m[22m
  [181] [1m./~/core-js/modules/$.collection-to-json.js[22m 352 bytes {[1m[33m0[39m[22m}[1m[32m [built][39m[22m
  [182] [1m./~/core-js/modules/es7.set.to-json.js[22m 176 bytes {[1m[33m0[39m[22m}[1m[32m [built][39m[22m
  [183] [1m./~/core-js/modules/js.array.statics.js[22m 750 bytes {[1m[33m0[39m[22m}[1m[32m [built][39m[22m
  [184] [1m./~/core-js/modules/web.timers.js[22m 706 bytes {[1m[33m0[39m[22m}[1m[32m [built][39m[22m
  [185] [1m./~/core-js/modules/$.partial.js[22m 769 bytes {[1m[33m0[39m[22m}[1m[32m [built][39m[22m
  [186] [1m./~/core-js/modules/$.path.js[22m 39 bytes {[1m[33m0[39m[22m}[1m[32m [built][39m[22m
  [187] [1m./~/core-js/modules/web.immediate.js[22m 166 bytes {[1m[33m0[39m[22m}[1m[32m [built][39m[22m
  [188] [1m./~/core-js/modules/web.dom.iterable.js[22m 580 bytes {[1m[33m0[39m[22m}[1m[32m [built][39m[22m
  [189] [1m./~/babel-regenerator-runtime/runtime.js[22m 21.5 kB {[1m[33m0[39m[22m}[1m[32m [built][39m[22m
  [190] [1m./~/process/browser.js[22m 2.06 kB {[1m[33m0[39m[22m}[1m[32m [built][39m[22m
  [191] [1m./js/components/App.js[22m 5.57 kB {[1m[33m0[39m[22m}[1m[32m [built][39m[22m
  [192] [1m./~/react/react.js[22m 56 bytes {[1m[33m0[39m[22m}[1m[32m [built][39m[22m
  [193] [1m./~/react/lib/React.js[22m 1.49 kB {[1m[33m0[39m[22m}[1m[32m [built][39m[22m
  [194] [1m./~/react/lib/ReactDOM.js[22m 3.71 kB {[1m[33m0[39m[22m}[1m[32m [built][39m[22m
  [195] [1m./~/react/lib/ReactCurrentOwner.js[22m 653 bytes {[1m[33m0[39m[22m}[1m[32m [built][39m[22m
  [196] [1m./~/react/lib/ReactDOMTextComponent.js[22m 4.32 kB {[1m[33m0[39m[22m}[1m[32m [built][39m[22m
  [197] [1m./~/react/lib/DOMChildrenOperations.js[22m 5 kB {[1m[33m0[39m[22m}[1m[32m [built][39m[22m
  [198] [1m./~/react/lib/Danger.js[22m 6.96 kB {[1m[33m0[39m[22m}[1m[32m [built][39m[22m
  [199] [1m./~/fbjs/lib/ExecutionEnvironment.js[22m 1.09 kB {[1m[33m0[39m[22m}[1m[32m [built][39m[22m
  [200] [1m./~/fbjs/lib/createNodesFromMarkup.js[22m 2.71 kB {[1m[33m0[39m[22m}[1m[32m [built][39m[22m
  [201] [1m./~/fbjs/lib/createArrayFromMixed.js[22m 2.36 kB {[1m[33m0[39m[22m}[1m[32m [built][39m[22m
  [202] [1m./~/fbjs/lib/toArray.js[22m 1.98 kB {[1m[33m0[39m[22m}[1m[32m [built][39m[22m
  [203] [1m./~/fbjs/lib/invariant.js[22m 1.51 kB {[1m[33m0[39m[22m}[1m[32m [built][39m[22m
  [204] [1m./~/fbjs/lib/getMarkupWrap.js[22m 3.06 kB {[1m[33m0[39m[22m}[1m[32m [built][39m[22m
  [205] [1m./~/fbjs/lib/emptyFunction.js[22m 1.09 kB {[1m[33m0[39m[22m}[1m[32m [built][39m[22m
  [206] [1m./~/react/lib/ReactMultiChildUpdateTypes.js[22m 861 bytes {[1m[33m0[39m[22m}[1m[32m [built][39m[22m
  [207] [1m./~/fbjs/lib/keyMirror.js[22m 1.27 kB {[1m[33m0[39m[22m}[1m[32m [built][39m[22m
  [208] [1m./~/react/lib/ReactPerf.js[22m 2.51 kB {[1m[33m0[39m[22m}[1m[32m [built][39m[22m
  [209] [1m./~/react/lib/setInnerHTML.js[22m 3.35 kB {[1m[33m0[39m[22m}[1m[32m [built][39m[22m
  [210] [1m./~/react/lib/setTextContent.js[22m 1.2 kB {[1m[33m0[39m[22m}[1m[32m [built][39m[22m
  [211] [1m./~/react/lib/escapeTextContentForBrowser.js[22m 849 bytes {[1m[33m0[39m[22m}[1m[32m [built][39m[22m
  [212] [1m./~/react/lib/DOMPropertyOperations.js[22m 7.88 kB {[1m[33m0[39m[22m}[1m[32m [built][39m[22m
  [213] [1m./~/react/lib/DOMProperty.js[22m 9.57 kB {[1m[33m0[39m[22m}[1m[32m [built][39m[22m
  [214] [1m./~/react/lib/quoteAttributeValueForBrowser.js[22m 746 bytes {[1m[33m0[39m[22m}[1m[32m [built][39m[22m
  [215] [1m./~/fbjs/lib/warning.js[22m 1.77 kB {[1m[33m0[39m[22m}[1m[32m [built][39m[22m
  [216] [1m./~/react/lib/ReactComponentBrowserEnvironment.js[22m 1.26 kB {[1m[33m0[39m[22m}[1m[32m [built][39m[22m
  [217] [1m./~/react/lib/ReactDOMIDOperations.js[22m 3.29 kB {[1m[33m0[39m[22m}[1m[32m [built][39m[22m
  [218] [1m./~/react/lib/ReactMount.js[22m 36.8 kB {[1m[33m0[39m[22m}[1m[32m [built][39m[22m
  [219] [1m./~/react/lib/ReactBrowserEventEmitter.js[22m 12.4 kB {[1m[33m0[39m[22m}[1m[32m [built][39m[22m
  [220] [1m./~/react/lib/EventConstants.js[22m 2.04 kB {[1m[33m0[39m[22m}[1m[32m [built][39m[22m
  [221] [1m./~/react/lib/EventPluginHub.js[22m 9.22 kB {[1m[33m0[39m[22m}[1m[32m [built][39m[22m
  [222] [1m./~/react/lib/EventPluginRegistry.js[22m 8.41 kB {[1m[33m0[39m[22m}[1m[32m [built][39m[22m
  [223] [1m./~/react/lib/EventPluginUtils.js[22m 6.79 kB {[1m[33m0[39m[22m}[1m[32m [built][39m[22m
  [224] [1m./~/react/lib/ReactErrorUtils.js[22m 2.27 kB {[1m[33m0[39m[22m}[1m[32m [built][39m[22m
  [225] [1m./~/react/lib/accumulateInto.js[22m 1.74 kB {[1m[33m0[39m[22m}[1m[32m [built][39m[22m
  [226] [1m./~/react/lib/forEachAccumulated.js[22m 893 bytes {[1m[33m0[39m[22m}[1m[32m [built][39m[22m
  [227] [1m./~/react/lib/ReactEventEmitterMixin.js[22m 1.3 kB {[1m[33m0[39m[22m}[1m[32m [built][39m[22m
  [228] [1m./~/react/lib/ViewportMetrics.js[22m 638 bytes {[1m[33m0[39m[22m}[1m[32m [built][39m[22m
  [229] [1m./~/react/lib/Object.assign.js[22m 1.26 kB {[1m[33m0[39m[22m}[1m[32m [built][39m[22m
  [230] [1m./~/react/lib/isEventSupported.js[22m 1.97 kB {[1m[33m0[39m[22m}[1m[32m [built][39m[22m
  [231] [1m./~/react/lib/ReactDOMFeatureFlags.js[22m 458 bytes {[1m[33m0[39m[22m}[1m[32m [built][39m[22m
  [232] [1m./~/react/lib/ReactElement.js[22m 8.07 kB {[1m[33m0[39m[22m}[1m[32m [built][39m[22m
  [233] [1m./~/react/lib/canDefineProperty.js[22m 629 bytes {[1m[33m0[39m[22m}[1m[32m [built][39m[22m
  [234] [1m./~/react/lib/ReactEmptyComponentRegistry.js[22m 1.38 kB {[1m[33m0[39m[22m}[1m[32m [built][39m[22m
  [235] [1m./~/react/lib/ReactInstanceHandles.js[22m 10.6 kB {[1m[33m0[39m[22m}[1m[32m [built][39m[22m
  [236] [1m./~/react/lib/ReactRootIndex.js[22m 723 bytes {[1m[33m0[39m[22m}[1m[32m [built][39m[22m
  [237] [1m./~/react/lib/ReactInstanceMap.js[22m 1.25 kB {[1m[33m0[39m[22m}[1m[32m [built][39m[22m
  [238] [1m./~/react/lib/ReactMarkupChecksum.js[22m 1.39 kB {[1m[33m0[39m[22m}[1m[32m [built][39m[22m
  [239] [1m./~/react/lib/adler32.js[22m 1.2 kB {[1m[33m0[39m[22m}[1m[32m [built][39m[22m
  [240] [1m./~/react/lib/ReactReconciler.js[22m 3.55 kB {[1m[33m0[39m[22m}[1m[32m [built][39m[22m
  [241] [1m./~/react/lib/ReactRef.js[22m 2.34 kB {[1m[33m0[39m[22m}[1m[32m [built][39m[22m
  [242] [1m./~/react/lib/ReactOwner.js[22m 3.45 kB {[1m[33m0[39m[22m}[1m[32m [built][39m[22m
  [243] [1m./~/react/lib/ReactUpdateQueue.js[22m 10.9 kB {[1m[33m0[39m[22m}[1m[32m [built][39m[22m
  [244] [1m./~/react/lib/ReactUpdates.js[22m 8.54 kB {[1m[33m0[39m[22m}[1m[32m [built][39m[22m
  [245] [1m./~/react/lib/CallbackQueue.js[22m 2.44 kB {[1m[33m0[39m[22m}[1m[32m [built][39m[22m
  [246] [1m./~/react/lib/PooledClass.js[22m 3.55 kB {[1m[33m0[39m[22m}[1m[32m [built][39m[22m
  [247] [1m./~/react/lib/Transaction.js[22m 9.55 kB {[1m[33m0[39m[22m}[1m[32m [built][39m[22m
  [248] [1m./~/fbjs/lib/emptyObject.js[22m 482 bytes {[1m[33m0[39m[22m}[1m[32m [built][39m[22m
  [249] [1m./~/fbjs/lib/containsNode.js[22m 1.43 kB {[1m[33m0[39m[22m}[1m[32m [built][39m[22m
  [250] [1m./~/fbjs/lib/isTextNode.js[22m 628 bytes {[1m[33m0[39m[22m}[1m[32m [built][39m[22m
  [251] [1m./~/fbjs/lib/isNode.js[22m 712 bytes {[1m[33m0[39m[22m}[1m[32m [built][39m[22m
  [252] [1m./~/react/lib/instantiateReactComponent.js[22m 4.52 kB {[1m[33m0[39m[22m}[1m[32m [built][39m[22m
  [253] [1m./~/react/lib/ReactCompositeComponent.js[22m 27.5 kB {[1m[33m0[39m[22m}[1m[32m [built][39m[22m
  [254] [1m./~/react/lib/ReactComponentEnvironment.js[22m 1.67 kB {[1m[33m0[39m[22m}[1m[32m [built][39m[22m
  [255] [1m./~/react/lib/ReactPropTypeLocations.js[22m 549 bytes {[1m[33m0[39m[22m}[1m[32m [built][39m[22m
  [256] [1m./~/react/lib/ReactPropTypeLocationNames.js[22m 611 bytes {[1m[33m0[39m[22m}[1m[32m [built][39m[22m
  [257] [1m./~/react/lib/shouldUpdateReactComponent.js[22m 1.49 kB {[1m[33m0[39m[22m}[1m[32m [built][39m[22m
  [258] [1m./~/react/lib/ReactEmptyComponent.js[22m 1.68 kB {[1m[33m0[39m[22m}[1m[32m [built][39m[22m
  [259] [1m./~/react/lib/ReactNativeComponent.js[22m 3.02 kB {[1m[33m0[39m[22m}[1m[32m [built][39m[22m
  [260] [1m./~/react/lib/validateDOMNesting.js[22m 13.1 kB {[1m[33m0[39m[22m}[1m[32m [built][39m[22m
  [261] [1m./~/react/lib/ReactDefaultInjection.js[22m 3.99 kB {[1m[33m0[39m[22m}[1m[32m [built][39m[22m
  [262] [1m./~/react/lib/BeforeInputEventPlugin.js[22m 14.9 kB {[1m[33m0[39m[22m}[1m[32m [built][39m[22m
  [263] [1m./~/react/lib/EventPropagators.js[22m 5.22 kB {[1m[33m0[39m[22m}[1m[32m [built][39m[22m
  [264] [1m./~/react/lib/FallbackCompositionState.js[22m 2.49 kB {[1m[33m0[39m[22m}[1m[32m [built][39m[22m
  [265] [1m./~/react/lib/getTextContentAccessor.js[22m 994 bytes {[1m[33m0[39m[22m}[1m[32m [built][39m[22m
  [266] [1m./~/react/lib/SyntheticCompositionEvent.js[22m 1.16 kB {[1m[33m0[39m[22m}[1m[32m [built][39m[22m
  [267] [1m./~/react/lib/SyntheticEvent.js[22m 5.75 kB {[1m[33m0[39m[22m}[1m[32m [built][39m[22m
  [268] [1m./~/react/lib/SyntheticInputEvent.js[22m 1.15 kB {[1m[33m0[39m[22m}[1m[32m [built][39m[22m
  [269] [1m./~/fbjs/lib/keyOf.js[22m 1.11 kB {[1m[33m0[39m[22m}[1m[32m [built][39m[22m
  [270] [1m./~/react/lib/ChangeEventPlugin.js[22m 11.5 kB {[1m[33m0[39m[22m}[1m[32m [built][39m[22m
  [271] [1m./~/react/lib/getEventTarget.js[22m 930 bytes {[1m[33m0[39m[22m}[1m[32m [built][39m[22m
  [272] [1m./~/react/lib/isTextInputElement.js[22m 1.03 kB {[1m[33m0[39m[22m}[1m[32m [built][39m[22m
  [273] [1m./~/react/lib/ClientReactRootIndex.js[22m 551 bytes {[1m[33m0[39m[22m}[1m[32m [built][39m[22m
  [274] [1m./~/react/lib/DefaultEventPluginOrder.js[22m 1.26 kB {[1m[33m0[39m[22m}[1m[32m [built][39m[22m
  [275] [1m./~/react/lib/EnterLeaveEventPlugin.js[22m 3.9 kB {[1m[33m0[39m[22m}[1m[32m [built][39m[22m
  [276] [1m./~/react/lib/SyntheticMouseEvent.js[22m 2.2 kB {[1m[33m0[39m[22m}[1m[32m [built][39m[22m
  [277] [1m./~/react/lib/SyntheticUIEvent.js[22m 1.64 kB {[1m[33m0[39m[22m}[1m[32m [built][39m[22m
  [278] [1m./~/react/lib/getEventModifierState.js[22m 1.3 kB {[1m[33m0[39m[22m}[1m[32m [built][39m[22m
  [279] [1m./~/react/lib/HTMLDOMPropertyConfig.js[22m 7.67 kB {[1m[33m0[39m[22m}[1m[32m [built][39m[22m
  [280] [1m./~/react/lib/ReactBrowserComponentMixin.js[22m 1.15 kB {[1m[33m0[39m[22m}[1m[32m [built][39m[22m
  [281] [1m./~/react/lib/findDOMNode.js[22m 2.17 kB {[1m[33m0[39m[22m}[1m[32m [built][39m[22m
  [282] [1m./~/react/lib/ReactDefaultBatchingStrategy.js[22m 1.92 kB {[1m[33m0[39m[22m}[1m[32m [built][39m[22m
  [283] [1m./~/react/lib/ReactDOMComponent.js[22m 36.9 kB {[1m[33m0[39m[22m}[1m[32m [built][39m[22m
  [284] [1m./~/react/lib/AutoFocusUtils.js[22m 816 bytes {[1m[33m0[39m[22m}[1m[32m [built][39m[22m
  [285] [1m./~/fbjs/lib/focusNode.js[22m 725 bytes {[1m[33m0[39m[22m}[1m[32m [built][39m[22m
  [286] [1m./~/react/lib/CSSPropertyOperations.js[22m 5.71 kB {[1m[33m0[39m[22m}[1m[32m [built][39m[22m
  [287] [1m./~/react/lib/CSSProperty.js[22m 3.5 kB {[1m[33m0[39m[22m}[1m[32m [built][39m[22m
  [288] [1m./~/fbjs/lib/camelizeStyleName.js[22m 1.03 kB {[1m[33m0[39m[22m}[1m[32m [built][39m[22m
  [289] [1m./~/fbjs/lib/camelize.js[22m 729 bytes {[1m[33m0[39m[22m}[1m[32m [built][39m[22m
  [290] [1m./~/react/lib/dangerousStyleValue.js[22m 1.93 kB {[1m[33m0[39m[22m}[1m[32m [built][39m[22m
  [291] [1m./~/fbjs/lib/hyphenateStyleName.js[22m 1 kB {[1m[33m0[39m[22m}[1m[32m [built][39m[22m
  [292] [1m./~/fbjs/lib/hyphenate.js[22m 822 bytes {[1m[33m0[39m[22m}[1m[32m [built][39m[22m
  [293] [1m./~/fbjs/lib/memoizeStringOnly.js[22m 778 bytes {[1m[33m0[39m[22m}[1m[32m [built][39m[22m
  [294] [1m./~/react/lib/ReactDOMButton.js[22m 1.15 kB {[1m[33m0[39m[22m}[1m[32m [built][39m[22m
  [295] [1m./~/react/lib/ReactDOMInput.js[22m 5.74 kB {[1m[33m0[39m[22m}[1m[32m [built][39m[22m
  [296] [1m./~/react/lib/LinkedValueUtils.js[22m 5.18 kB {[1m[33m0[39m[22m}[1m[32m [built][39m[22m
  [297] [1m./~/react/lib/ReactPropTypes.js[22m 12.3 kB {[1m[33m0[39m[22m}[1m[32m [built][39m[22m
  [298] [1m./~/react/lib/getIteratorFn.js[22m 1.17 kB {[1m[33m0[39m[22m}[1m[32m [built][39m[22m
  [299] [1m./~/react/lib/ReactDOMOption.js[22m 2.79 kB {[1m[33m0[39m[22m}[1m[32m [built][39m[22m
  [300] [1m./~/react/lib/ReactChildren.js[22m 5.83 kB {[1m[33m0[39m[22m}[1m[32m [built][39m[22m
  [301] [1m./~/react/lib/traverseAllChildren.js[22m 6.9 kB {[1m[33m0[39m[22m}[1m[32m [built][39m[22m
  [302] [1m./~/react/lib/ReactDOMSelect.js[22m 6.09 kB {[1m[33m0[39m[22m}[1m[32m [built][39m[22m
  [303] [1m./~/react/lib/ReactDOMTextarea.js[22m 4.35 kB {[1m[33m0[39m[22m}[1m[32m [built][39m[22m
  [304] [1m./~/react/lib/ReactMultiChild.js[22m 14.7 kB {[1m[33m0[39m[22m}[1m[32m [built][39m[22m
  [305] [1m./~/react/lib/ReactChildReconciler.js[22m 4.52 kB {[1m[33m0[39m[22m}[1m[32m [built][39m[22m
  [306] [1m./~/react/lib/flattenChildren.js[22m 1.65 kB {[1m[33m0[39m[22m}[1m[32m [built][39m[22m
  [307] [1m./~/fbjs/lib/shallowEqual.js[22m 1.28 kB {[1m[33m0[39m[22m}[1m[32m [built][39m[22m
  [308] [1m./~/react/lib/ReactEventListener.js[22m 7.51 kB {[1m[33m0[39m[22m}[1m[32m [built][39m[22m
  [309] [1m./~/fbjs/lib/EventListener.js[22m 2.65 kB {[1m[33m0[39m[22m}[1m[32m [built][39m[22m
  [310] [1m./~/fbjs/lib/getUnboundedScrollPosition.js[22m 1.09 kB {[1m[33m0[39m[22m}[1m[32m [built][39m[22m
  [311] [1m./~/react/lib/ReactInjection.js[22m 1.37 kB {[1m[33m0[39m[22m}[1m[32m [built][39m[22m
  [312] [1m./~/react/lib/ReactClass.js[22m 27.8 kB {[1m[33m0[39m[22m}[1m[32m [built][39m[22m
  [313] [1m./~/react/lib/ReactComponent.js[22m 5.04 kB {[1m[33m0[39m[22m}[1m[32m [built][39m[22m
  [314] [1m./~/react/lib/ReactNoopUpdateQueue.js[22m 3.94 kB {[1m[33m0[39m[22m}[1m[32m [built][39m[22m
  [315] [1m./~/react/lib/ReactReconcileTransaction.js[22m 4.58 kB {[1m[33m0[39m[22m}[1m[32m [built][39m[22m
  [316] [1m./~/react/lib/ReactInputSelection.js[22m 4.32 kB {[1m[33m0[39m[22m}[1m[32m [built][39m[22m
  [317] [1m./~/react/lib/ReactDOMSelection.js[22m 6.83 kB {[1m[33m0[39m[22m}[1m[32m [built][39m[22m
  [318] [1m./~/react/lib/getNodeForCharacterOffset.js[22m 1.66 kB {[1m[33m0[39m[22m}[1m[32m [built][39m[22m
  [319] [1m./~/fbjs/lib/getActiveElement.js[22m 876 bytes {[1m[33m0[39m[22m}[1m[32m [built][39m[22m
  [320] [1m./~/react/lib/SelectEventPlugin.js[22m 6.71 kB {[1m[33m0[39m[22m}[1m[32m [built][39m[22m
  [321] [1m./~/react/lib/ServerReactRootIndex.js[22m 868 bytes {[1m[33m0[39m[22m}[1m[32m [built][39m[22m
  [322] [1m./~/react/lib/SimpleEventPlugin.js[22m 17.4 kB {[1m[33m0[39m[22m}[1m[32m [built][39m[22m
  [323] [1m./~/react/lib/SyntheticClipboardEvent.js[22m 1.23 kB {[1m[33m0[39m[22m}[1m[32m [built][39m[22m
  [324] [1m./~/react/lib/SyntheticFocusEvent.js[22m 1.12 kB {[1m[33m0[39m[22m}[1m[32m [built][39m[22m
  [325] [1m./~/react/lib/SyntheticKeyboardEvent.js[22m 2.76 kB {[1m[33m0[39m[22m}[1m[32m [built][39m[22m
  [326] [1m./~/react/lib/getEventCharCode.js[22m 1.56 kB {[1m[33m0[39m[22m}[1m[32m [built][39m[22m
  [327] [1m./~/react/lib/getEventKey.js[22m 2.93 kB {[1m[33m0[39m[22m}[1m[32m [built][39m[22m
  [328] [1m./~/react/lib/SyntheticDragEvent.js[22m 1.13 kB {[1m[33m0[39m[22m}[1m[32m [built][39m[22m
  [329] [1m./~/react/lib/SyntheticTouchEvent.js[22m 1.33 kB {[1m[33m0[39m[22m}[1m[32m [built][39m[22m
  [330] [1m./~/react/lib/SyntheticWheelEvent.js[22m 1.99 kB {[1m[33m0[39m[22m}[1m[32m [built][39m[22m
  [331] [1m./~/react/lib/SVGDOMPropertyConfig.js[22m 3.8 kB {[1m[33m0[39m[22m}[1m[32m [built][39m[22m
  [332] [1m./~/react/lib/ReactDefaultPerf.js[22m 8.63 kB {[1m[33m0[39m[22m}[1m[32m [built][39m[22m
  [333] [1m./~/react/lib/ReactDefaultPerfAnalysis.js[22m 5.72 kB {[1m[33m0[39m[22m}[1m[32m [built][39m[22m
  [334] [1m./~/fbjs/lib/performanceNow.js[22m 830 bytes {[1m[33m0[39m[22m}[1m[32m [built][39m[22m
  [335] [1m./~/fbjs/lib/performance.js[22m 612 bytes {[1m[33m0[39m[22m}[1m[32m [built][39m[22m
  [336] [1m./~/react/lib/ReactVersion.js[22m 379 bytes {[1m[33m0[39m[22m}[1m[32m [built][39m[22m
  [337] [1m./~/react/lib/renderSubtreeIntoContainer.js[22m 463 bytes {[1m[33m0[39m[22m}[1m[32m [built][39m[22m
  [338] [1m./~/react/lib/ReactDOMServer.js[22m 766 bytes {[1m[33m0[39m[22m}[1m[32m [built][39m[22m
  [339] [1m./~/react/lib/ReactServerRendering.js[22m 3.3 kB {[1m[33m0[39m[22m}[1m[32m [built][39m[22m
  [340] [1m./~/react/lib/ReactServerBatchingStrategy.js[22m 673 bytes {[1m[33m0[39m[22m}[1m[32m [built][39m[22m
  [341] [1m./~/react/lib/ReactServerRenderingTransaction.js[22m 2.3 kB {[1m[33m0[39m[22m}[1m[32m [built][39m[22m
  [342] [1m./~/react/lib/ReactIsomorphic.js[22m 2.05 kB {[1m[33m0[39m[22m}[1m[32m [built][39m[22m
  [343] [1m./~/react/lib/ReactDOMFactories.js[22m 3.36 kB {[1m[33m0[39m[22m}[1m[32m [built][39m[22m
  [344] [1m./~/react/lib/ReactElementValidator.js[22m 10.8 kB {[1m[33m0[39m[22m}[1m[32m [built][39m[22m
  [345] [1m./~/fbjs/lib/mapObject.js[22m 1.47 kB {[1m[33m0[39m[22m}[1m[32m [built][39m[22m
  [346] [1m./~/react/lib/onlyChild.js[22m 1.21 kB {[1m[33m0[39m[22m}[1m[32m [built][39m[22m
  [347] [1m./~/react/lib/deprecated.js[22m 1.77 kB {[1m[33m0[39m[22m}[1m[32m [built][39m[22m
  [348] [1m./~/react-relay/lib/Relay.js[22m 899 bytes {[1m[33m0[39m[22m}[1m[32m [built][39m[22m
  [349] [1m./~/react-relay/~/babel-runtime/helpers/extends.js[22m 428 bytes {[1m[33m0[39m[22m}[1m[32m [built][39m[22m
  [350] [1m./~/react-relay/~/babel-runtime/core-js/object/assign.js[22m 94 bytes {[1m[33m0[39m[22m}[1m[32m [built][39m[22m
  [351] [1m./~/core-js/library/fn/object/assign.js[22m 107 bytes {[1m[33m0[39m[22m}[1m[32m [built][39m[22m
  [352] [1m./~/core-js/library/modules/es6.object.assign.js[22m 161 bytes {[1m[33m0[39m[22m}[1m[32m [built][39m[22m
  [353] [1m./~/core-js/library/modules/$.export.js[22m 1.73 kB {[1m[33m0[39m[22m}[1m[32m [built][39m[22m
  [354] [1m./~/core-js/library/modules/$.global.js[22m 322 bytes {[1m[33m0[39m[22m}[1m[32m [built][39m[22m
  [355] [1m./~/core-js/library/modules/$.core.js[22m 117 bytes {[1m[33m0[39m[22m}[1m[32m [built][39m[22m
  [356] [1m./~/core-js/library/modules/$.ctx.js[22m 506 bytes {[1m[33m0[39m[22m}[1m[32m [built][39m[22m
  [357] [1m./~/core-js/library/modules/$.a-function.js[22m 120 bytes {[1m[33m0[39m[22m}[1m[32m [built][39m[22m
  [358] [1m./~/core-js/library/modules/$.object-assign.js[22m 1.09 kB {[1m[33m0[39m[22m}[1m[32m [built][39m[22m
  [359] [1m./~/core-js/library/modules/$.js[22m 417 bytes {[1m[33m0[39m[22m}[1m[32m [built][39m[22m
  [360] [1m./~/core-js/library/modules/$.to-object.js[22m 130 bytes {[1m[33m0[39m[22m}[1m[32m [built][39m[22m
  [361] [1m./~/core-js/library/modules/$.defined.js[22m 157 bytes {[1m[33m0[39m[22m}[1m[32m [built][39m[22m
  [362] [1m./~/core-js/library/modules/$.iobject.js[22m 237 bytes {[1m[33m0[39m[22m}[1m[32m [built][39m[22m
  [363] [1m./~/core-js/library/modules/$.cof.js[22m 103 bytes {[1m[33m0[39m[22m}[1m[32m [built][39m[22m
  [364] [1m./~/core-js/library/modules/$.fails.js[22m 99 bytes {[1m[33m0[39m[22m}[1m[32m [built][39m[22m
  [365] [1m./~/react-relay/lib/RelayDefaultNetworkLayer.js[22m 6.05 kB {[1m[33m0[39m[22m}[1m[32m [built][39m[22m
  [366] [1m./~/react-relay/~/babel-runtime/helpers/class-call-check.js[22m 211 bytes {[1m[33m0[39m[22m}[1m[32m [built][39m[22m
  [367] [1m./~/react-relay/~/fbjs/lib/Promise.js[22m 384 bytes {[1m[33m0[39m[22m}[1m[32m [built][39m[22m
  [368] [1m./~/promise/index.js[22m 49 bytes {[1m[33m0[39m[22m}[1m[32m [built][39m[22m
  [369] [1m./~/promise/lib/index.js[22m 195 bytes {[1m[33m0[39m[22m}[1m[32m [built][39m[22m
  [370] [1m./~/promise/lib/core.js[22m 4.83 kB {[1m[33m0[39m[22m}[1m[32m [built][39m[22m
  [371] [1m./~/asap/browser-raw.js[22m 9.53 kB {[1m[33m0[39m[22m}[1m[32m [built][39m[22m
  [372] [1m./~/promise/lib/done.js[22m 314 bytes {[1m[33m0[39m[22m}[1m[32m [built][39m[22m
  [373] [1m./~/promise/lib/finally.js[22m 348 bytes {[1m[33m0[39m[22m}[1m[32m [built][39m[22m
  [374] [1m./~/promise/lib/es6-extensions.js[22m 2.67 kB {[1m[33m0[39m[22m}[1m[32m [built][39m[22m
  [375] [1m./~/promise/lib/node-extensions.js[22m 3.27 kB {[1m[33m0[39m[22m}[1m[32m [built][39m[22m
  [376] [1m./~/asap/browser-asap.js[22m 2.18 kB {[1m[33m0[39m[22m}[1m[32m [built][39m[22m
  [377] [1m./~/promise/lib/synchronous.js[22m 1.4 kB {[1m[33m0[39m[22m}[1m[32m [built][39m[22m
  [378] [1m./~/react-relay/~/fbjs/lib/fetch.js[22m 410 bytes {[1m[33m0[39m[22m}[1m[32m [built][39m[22m
  [379] [1m./~/whatwg-fetch/fetch.js[22m 8.45 kB {[1m[33m0[39m[22m}[1m[32m [built][39m[22m
  [380] [1m./~/react-relay/~/fbjs/lib/fetchWithRetries.js[22m 4.37 kB {[1m[33m0[39m[22m}[1m[32m [built][39m[22m
  [381] [1m./~/react-relay/~/fbjs/lib/ExecutionEnvironment.js[22m 1.09 kB {[1m[33m0[39m[22m}[1m[32m [built][39m[22m
  [382] [1m./~/react-relay/~/fbjs/lib/sprintf.js[22m 909 bytes {[1m[33m0[39m[22m}[1m[32m [built][39m[22m
  [383] [1m./~/react-relay/~/fbjs/lib/warning.js[22m 1.77 kB {[1m[33m0[39m[22m}[1m[32m [built][39m[22m
  [384] [1m./~/react-relay/~/fbjs/lib/emptyFunction.js[22m 1.09 kB {[1m[33m0[39m[22m}[1m[32m [built][39m[22m
  [385] [1m./~/react-relay/lib/RelayPublic.js[22m 1.79 kB {[1m[33m0[39m[22m}[1m[32m [built][39m[22m
  [386] [1m./~/react-relay/lib/RelayContainer.js[22m 29.3 kB {[1m[33m0[39m[22m}[1m[32m [built][39m[22m
  [387] [1m./~/react-relay/~/babel-runtime/helpers/inherits.js[22m 780 bytes {[1m[33m0[39m[22m}[1m[32m [built][39m[22m
  [388] [1m./~/react-relay/~/babel-runtime/core-js/object/create.js[22m 94 bytes {[1m[33m0[39m[22m}[1m[32m [built][39m[22m
  [389] [1m./~/core-js/library/fn/object/create.js[22m 103 bytes {[1m[33m0[39m[22m}[1m[32m [built][39m[22m
  [390] [1m./~/react-relay/~/babel-runtime/core-js/object/set-prototype-of.js[22m 104 bytes {[1m[33m0[39m[22m}[1m[32m [built][39m[22m
  [391] [1m./~/core-js/library/fn/object/set-prototype-of.js[22m 125 bytes {[1m[33m0[39m[22m}[1m[32m [built][39m[22m
  [392] [1m./~/core-js/library/modules/es6.object.set-prototype-of.js[22m 159 bytes {[1m[33m0[39m[22m}[1m[32m [built][39m[22m
  [393] [1m./~/core-js/library/modules/$.set-proto.js[22m 914 bytes {[1m[33m0[39m[22m}[1m[32m [built][39m[22m
  [394] [1m./~/core-js/library/modules/$.is-object.js[22m 107 bytes {[1m[33m0[39m[22m}[1m[32m [built][39m[22m
  [395] [1m./~/core-js/library/modules/$.an-object.js[22m 150 bytes {[1m[33m0[39m[22m}[1m[32m [built][39m[22m
  [396] [1m./~/react-relay/~/babel-runtime/core-js/object/keys.js[22m 92 bytes {[1m[33m0[39m[22m}[1m[32m [built][39m[22m
  [397] [1m./~/core-js/library/fn/object/keys.js[22m 103 bytes {[1m[33m0[39m[22m}[1m[32m [built][39m[22m
  [398] [1m./~/core-js/library/modules/es6.object.keys.js[22m 189 bytes {[1m[33m0[39m[22m}[1m[32m [built][39m[22m
  [399] [1m./~/core-js/library/modules/$.object-sap.js[22m 371 bytes {[1m[33m0[39m[22m}[1m[32m [built][39m[22m
  [400] [1m./~/react-relay/~/fbjs/lib/ErrorUtils.js[22m 608 bytes {[1m[33m0[39m[22m}[1m[32m [built][39m[22m
  [401] [1m./~/react-relay/lib/GraphQLFragmentPointer.js[22m 5.94 kB {[1m[33m0[39m[22m}[1m[32m [built][39m[22m
  [402] [1m./~/react-relay/lib/GraphQLStoreDataHandler.js[22m 1.5 kB {[1m[33m0[39m[22m}[1m[32m [built][39m[22m
  [403] [1m./~/react-relay/lib/RelayQuery.js[22m 42.8 kB {[1m[33m0[39m[22m}[1m[32m [built][39m[22m
  [404] [1m./~/react-relay/~/babel-runtime/core-js/object/freeze.js[22m 94 bytes {[1m[33m0[39m[22m}[1m[32m [built][39m[22m
  [405] [1m./~/core-js/library/fn/object/freeze.js[22m 107 bytes {[1m[33m0[39m[22m}[1m[32m [built][39m[22m
  [406] [1m./~/core-js/library/modules/es6.object.freeze.js[22m 219 bytes {[1m[33m0[39m[22m}[1m[32m [built][39m[22m
  [407] [1m./~/react-relay/lib/QueryBuilder.js[22m 6.8 kB {[1m[33m0[39m[22m}[1m[32m [built][39m[22m
  [408] [1m./~/react-relay/lib/RelayNodeInterface.js[22m 411 bytes {[1m[33m0[39m[22m}[1m[32m [built][39m[22m
  [409] [1m./~/react-relay/lib/RelayOSSNodeInterface.js[22m 3.9 kB {[1m[33m0[39m[22m}[1m[32m [built][39m[22m
  [410] [1m./~/react-relay/lib/forEachRootCallArg.js[22m 1.7 kB {[1m[33m0[39m[22m}[1m[32m [built][39m[22m
  [411] [1m./~/react-relay/~/fbjs/lib/invariant.js[22m 1.51 kB {[1m[33m0[39m[22m}[1m[32m [built][39m[22m
  [412] [1m./~/react-relay/lib/generateClientID.js[22m 776 bytes {[1m[33m0[39m[22m}[1m[32m [built][39m[22m
  [413] [1m./~/react-relay/~/fbjs/lib/crc32.js[22m 3.74 kB {[1m[33m0[39m[22m}[1m[32m [built][39m[22m
  [414] [1m./~/react-relay/~/fbjs/lib/performanceNow.js[22m 844 bytes {[1m[33m0[39m[22m}[1m[32m [built][39m[22m
  [415] [1m./~/react-relay/~/fbjs/lib/performance.js[22m 612 bytes {[1m[33m0[39m[22m}[1m[32m [built][39m[22m
  [416] [1m./~/react-relay/lib/RelayConnectionInterface.js[22m 423 bytes {[1m[33m0[39m[22m}[1m[32m [built][39m[22m
  [417] [1m./~/react-relay/lib/RelayOSSConnectionInterface.js[22m 2.21 kB {[1m[33m0[39m[22m}[1m[32m [built][39m[22m
  [418] [1m./~/react-relay/lib/RelayFragmentReference.js[22m 6.99 kB {[1m[33m0[39m[22m}[1m[32m [built][39m[22m
  [419] [1m./~/react-relay/~/fbjs/lib/forEachObject.js[22m 1.29 kB {[1m[33m0[39m[22m}[1m[32m [built][39m[22m
  [420] [1m./~/react-relay/lib/RelayMetaRoute.js[22m 989 bytes {[1m[33m0[39m[22m}[1m[32m [built][39m[22m
  [421] [1m./~/react-relay/lib/RelayProfiler.js[22m 8.82 kB {[1m[33m0[39m[22m}[1m[32m [built][39m[22m
  [422] [1m./~/react-relay/~/fbjs/lib/removeFromArray.js[22m 591 bytes {[1m[33m0[39m[22m}[1m[32m [built][39m[22m
  [423] [1m./~/react-relay/lib/RelayRouteFragment.js[22m 1.17 kB {[1m[33m0[39m[22m}[1m[32m [built][39m[22m
  [424] [1m./~/react-relay/~/fbjs/lib/areEqual.js[22m 2.92 kB {[1m[33m0[39m[22m}[1m[32m [built][39m[22m
  [425] [1m./~/react-relay/lib/callsFromGraphQL.js[22m 1.81 kB {[1m[33m0[39m[22m}[1m[32m [built][39m[22m
  [426] [1m./~/react-relay/lib/callsToGraphQL.js[22m 964 bytes {[1m[33m0[39m[22m}[1m[32m [built][39m[22m
  [427] [1m./~/react-relay/lib/generateRQLFieldAlias.js[22m 1.34 kB {[1m[33m0[39m[22m}[1m[32m [built][39m[22m
  [428] [1m./~/react-relay/~/fbjs/lib/base62.js[22m 665 bytes {[1m[33m0[39m[22m}[1m[32m [built][39m[22m
  [429] [1m./~/react-relay/lib/serializeRelayQueryCall.js[22m 1.54 kB {[1m[33m0[39m[22m}[1m[32m [built][39m[22m
  [430] [1m./~/react-relay/~/fbjs/lib/flattenArray.js[22m 1.16 kB {[1m[33m0[39m[22m}[1m[32m [built][39m[22m
  [431] [1m./~/react-relay/~/fbjs/lib/shallowEqual.js[22m 1.28 kB {[1m[33m0[39m[22m}[1m[32m [built][39m[22m
  [432] [1m./~/react-relay/lib/stableStringify.js[22m 2.18 kB {[1m[33m0[39m[22m}[1m[32m [built][39m[22m
  [433] [1m./~/react-relay/lib/GraphQLStoreQueryResolver.js[22m 9.8 kB {[1m[33m0[39m[22m}[1m[32m [built][39m[22m
  [434] [1m./~/react-relay/~/babel-runtime/helpers/sliced-to-array.js[22m 1.01 kB {[1m[33m0[39m[22m}[1m[32m [built][39m[22m
  [435] [1m./~/react-relay/~/babel-runtime/core-js/get-iterator.js[22m 93 bytes {[1m[33m0[39m[22m}[1m[32m [built][39m[22m
  [436] [1m./~/core-js/library/fn/get-iterator.js[22m 140 bytes {[1m[33m0[39m[22m}[1m[32m [built][39m[22m
  [437] [1m./~/core-js/library/modules/web.dom.iterable.js[22m 139 bytes {[1m[33m0[39m[22m}[1m[32m [built][39m[22m
  [438] [1m./~/core-js/library/modules/es6.array.iterator.js[22m 1.14 kB {[1m[33m0[39m[22m}[1m[32m [built][39m[22m
  [439] [1m./~/core-js/library/modules/$.add-to-unscopables.js[22m 43 bytes {[1m[33m0[39m[22m}[1m[32m [built][39m[22m
  [440] [1m./~/core-js/library/modules/$.iter-step.js[22m 81 bytes {[1m[33m0[39m[22m}[1m[32m [built][39m[22m
  [441] [1m./~/core-js/library/modules/$.iterators.js[22m 20 bytes {[1m[33m0[39m[22m}[1m[32m [built][39m[22m
  [442] [1m./~/core-js/library/modules/$.to-iobject.js[22m 215 bytes {[1m[33m0[39m[22m}[1m[32m [built][39m[22m
  [443] [1m./~/core-js/library/modules/$.iter-define.js[22m 2.6 kB {[1m[33m0[39m[22m}[1m[32m [built][39m[22m
  [444] [1m./~/core-js/library/modules/$.library.js[22m 22 bytes {[1m[33m0[39m[22m}[1m[32m [built][39m[22m
  [445] [1m./~/core-js/library/modules/$.redefine.js[22m 37 bytes {[1m[33m0[39m[22m}[1m[32m [built][39m[22m
  [446] [1m./~/core-js/library/modules/$.hide.js[22m 286 bytes {[1m[33m0[39m[22m}[1m[32m [built][39m[22m
  [447] [1m./~/core-js/library/modules/$.property-desc.js[22m 183 bytes {[1m[33m0[39m[22m}[1m[32m [built][39m[22m
  [448] [1m./~/core-js/library/modules/$.descriptors.js[22m 178 bytes {[1m[33m0[39m[22m}[1m[32m [built][39m[22m
  [449] [1m./~/core-js/library/modules/$.has.js[22m 117 bytes {[1m[33m0[39m[22m}[1m[32m [built][39m[22m
  [450] [1m./~/core-js/library/modules/$.iter-create.js[22m 521 bytes {[1m[33m0[39m[22m}[1m[32m [built][39m[22m
  [451] [1m./~/core-js/library/modules/$.set-to-string-tag.js[22m 252 bytes {[1m[33m0[39m[22m}[1m[32m [built][39m[22m
  [452] [1m./~/core-js/library/modules/$.wks.js[22m 257 bytes {[1m[33m0[39m[22m}[1m[32m [built][39m[22m
  [453] [1m./~/core-js/library/modules/$.shared.js[22m 199 bytes {[1m[33m0[39m[22m}[1m[32m [built][39m[22m
  [454] [1m./~/core-js/library/modules/$.uid.js[22m 158 bytes {[1m[33m0[39m[22m}[1m[32m [built][39m[22m
  [455] [1m./~/core-js/library/modules/es6.string.iterator.js[22m 525 bytes {[1m[33m0[39m[22m}[1m[32m [built][39m[22m
  [456] [1m./~/core-js/library/modules/$.string-at.js[22m 613 bytes {[1m[33m0[39m[22m}[1m[32m [built][39m[22m
  [457] [1m./~/core-js/library/modules/$.to-integer.js[22m 158 bytes {[1m[33m0[39m[22m}[1m[32m [built][39m[22m
  [458] [1m./~/core-js/library/modules/core.get-iterator.js[22m 297 bytes {[1m[33m0[39m[22m}[1m[32m [built][39m[22m
  [459] [1m./~/core-js/library/modules/core.get-iterator-method.js[22m 297 bytes {[1m[33m0[39m[22m}[1m[32m [built][39m[22m
  [460] [1m./~/core-js/library/modules/$.classof.js[22m 565 bytes {[1m[33m0[39m[22m}[1m[32m [built][39m[22m
  [461] [1m./~/react-relay/~/babel-runtime/core-js/is-iterable.js[22m 92 bytes {[1m[33m0[39m[22m}[1m[32m [built][39m[22m
  [462] [1m./~/core-js/library/fn/is-iterable.js[22m 139 bytes {[1m[33m0[39m[22m}[1m[32m [built][39m[22m
  [463] [1m./~/core-js/library/modules/core.is-iterable.js[22m 321 bytes {[1m[33m0[39m[22m}[1m[32m [built][39m[22m
  [464] [1m./~/react-relay/lib/filterExclusiveKeys.js[22m 996 bytes {[1m[33m0[39m[22m}[1m[32m [built][39m[22m
  [465] [1m./~/react-relay/lib/readRelayQueryData.js[22m 14.9 kB {[1m[33m0[39m[22m}[1m[32m [built][39m[22m
  [466] [1m./~/react-relay/lib/RelayQueryVisitor.js[22m 3.38 kB {[1m[33m0[39m[22m}[1m[32m [built][39m[22m
  [467] [1m./~/react-relay/lib/RelayRecordState.js[22m 949 bytes {[1m[33m0[39m[22m}[1m[32m [built][39m[22m
  [468] [1m./~/react-relay/lib/isCompatibleRelayFragmentType.js[22m 1.07 kB {[1m[33m0[39m[22m}[1m[32m [built][39m[22m
  [469] [1m./~/react-relay/lib/validateRelayReadQuery.js[22m 3.76 kB {[1m[33m0[39m[22m}[1m[32m [built][39m[22m
  [470] [1m./~/react-relay/lib/recycleNodesInto.js[22m 2.13 kB {[1m[33m0[39m[22m}[1m[32m [built][39m[22m
  [471] [1m./~/react-dom/index.js[22m 63 bytes {[1m[33m0[39m[22m}[1m[32m [built][39m[22m
  [472] [1m./~/react-relay/lib/RelayContainerComparators.js[22m 2.64 kB {[1m[33m0[39m[22m}[1m[32m [built][39m[22m
  [473] [1m./~/react-relay/lib/RelayContainerProxy.js[22m 413 bytes {[1m[33m0[39m[22m}[1m[32m [built][39m[22m
  [474] [1m./~/react-relay/lib/RelayOSSContainerProxy.js[22m 595 bytes {[1m[33m0[39m[22m}[1m[32m [built][39m[22m
  [475] [1m./~/react-relay/lib/RelayMutationTransaction.js[22m 2.66 kB {[1m[33m0[39m[22m}[1m[32m [built][39m[22m
  [476] [1m./~/react-relay/lib/RelayMutationTransactionStatus.js[22m 1.47 kB {[1m[33m0[39m[22m}[1m[32m [built][39m[22m
  [477] [1m./~/react-relay/lib/RelayPropTypes.js[22m 1.23 kB {[1m[33m0[39m[22m}[1m[32m [built][39m[22m
  [478] [1m./~/react-relay/lib/isRelayContainer.js[22m 581 bytes {[1m[33m0[39m[22m}[1m[32m [built][39m[22m
  [479] [1m./~/react-relay/lib/RelayStore.js[22m 5.2 kB {[1m[33m0[39m[22m}[1m[32m [built][39m[22m
  [480] [1m./~/react-relay/lib/RelayQueryResultObservable.js[22m 4.37 kB {[1m[33m0[39m[22m}[1m[32m [built][39m[22m
  [481] [1m./~/react-relay/lib/RelayStoreData.js[22m 16.8 kB {[1m[33m0[39m[22m}[1m[32m [built][39m[22m
  [482] [1m./~/react-relay/lib/GraphQLQueryRunner.js[22m 9.23 kB {[1m[33m0[39m[22m}[1m[32m [built][39m[22m
  [483] [1m./~/react-relay/~/babel-runtime/helpers/to-consumable-array.js[22m 333 bytes {[1m[33m0[39m[22m}[1m[32m [built][39m[22m
  [484] [1m./~/react-relay/~/babel-runtime/core-js/array/from.js[22m 91 bytes {[1m[33m0[39m[22m}[1m[32m [built][39m[22m
  [485] [1m./~/core-js/library/fn/array/from.js[22m 147 bytes {[1m[33m0[39m[22m}[1m[32m [built][39m[22m
  [486] [1m./~/core-js/library/modules/es6.array.from.js[22m 1.59 kB {[1m[33m0[39m[22m}[1m[32m [built][39m[22m
  [487] [1m./~/core-js/library/modules/$.iter-call.js[22m 404 bytes {[1m[33m0[39m[22m}[1m[32m [built][39m[22m
  [488] [1m./~/core-js/library/modules/$.is-array-iter.js[22m 279 bytes {[1m[33m0[39m[22m}[1m[32m [built][39m[22m
  [489] [1m./~/core-js/library/modules/$.to-length.js[22m 218 bytes {[1m[33m0[39m[22m}[1m[32m [built][39m[22m
  [490] [1m./~/core-js/library/modules/$.iter-detect.js[22m 568 bytes {[1m[33m0[39m[22m}[1m[32m [built][39m[22m
  [491] [1m./~/react-relay/lib/DliteFetchModeConstants.js[22m 597 bytes {[1m[33m0[39m[22m}[1m[32m [built][39m[22m
  [492] [1m./~/react-relay/~/fbjs/lib/keyMirror.js[22m 1.27 kB {[1m[33m0[39m[22m}[1m[32m [built][39m[22m
  [493] [1m./~/react-relay/lib/RelayNetworkLayer.js[22m 1.88 kB {[1m[33m0[39m[22m}[1m[32m [built][39m[22m
  [494] [1m./~/react-relay/lib/RelayTaskScheduler.js[22m 3 kB {[1m[33m0[39m[22m}[1m[32m [built][39m[22m
  [495] [1m./~/react-relay/lib/RelayTaskQueue.js[22m 5.49 kB {[1m[33m0[39m[22m}[1m[32m [built][39m[22m
  [496] [1m./~/react-relay/lib/checkRelayQueryData.js[22m 6.84 kB {[1m[33m0[39m[22m}[1m[32m [built][39m[22m
  [497] [1m./~/react-relay/lib/diffRelayQuery.js[22m 24.3 kB {[1m[33m0[39m[22m}[1m[32m [built][39m[22m
  [498] [1m./~/react-relay/lib/RelayQueryPath.js[22m 5.14 kB {[1m[33m0[39m[22m}[1m[32m [built][39m[22m
  [499] [1m./~/react-relay/~/fbjs/lib/everyObject.js[22m 1.42 kB {[1m[33m0[39m[22m}[1m[32m [built][39m[22m
  [500] [1m./~/react-relay/lib/flattenSplitRelayQueries.js[22m 1.24 kB {[1m[33m0[39m[22m}[1m[32m [built][39m[22m
  [501] [1m./~/react-relay/lib/generateForceIndex.js[22m 643 bytes {[1m[33m0[39m[22m}[1m[32m [built][39m[22m
  [502] [1m./~/react-relay/~/fbjs/lib/mapObject.js[22m 1.47 kB {[1m[33m0[39m[22m}[1m[32m [built][39m[22m
  [503] [1m./~/react-relay/~/fbjs/lib/resolveImmediate.js[22m 713 bytes {[1m[33m0[39m[22m}[1m[32m [built][39m[22m
  [504] [1m./~/react-relay/~/fbjs/lib/someObject.js[22m 1.41 kB {[1m[33m0[39m[22m}[1m[32m [built][39m[22m
  [505] [1m./~/react-relay/lib/splitDeferredRelayQueries.js[22m 9.94 kB {[1m[33m0[39m[22m}[1m[32m [built][39m[22m
  [506] [1m./~/react-relay/lib/RelayQueryTransform.js[22m 3.08 kB {[1m[33m0[39m[22m}[1m[32m [built][39m[22m
  [507] [1m./~/react-relay/lib/RelayRefQueryDescriptor.js[22m 1.01 kB {[1m[33m0[39m[22m}[1m[32m [built][39m[22m
  [508] [1m./~/react-relay/lib/GraphQLStoreChangeEmitter.js[22m 4.31 kB {[1m[33m0[39m[22m}[1m[32m [built][39m[22m
  [509] [1m./~/react-relay/lib/GraphQLStoreRangeUtils.js[22m 3.71 kB {[1m[33m0[39m[22m}[1m[32m [built][39m[22m
  [510] [1m./~/react-relay/lib/RelayChangeTracker.js[22m 2.21 kB {[1m[33m0[39m[22m}[1m[32m [built][39m[22m
  [511] [1m./~/react-relay/lib/RelayGarbageCollector.js[22m 7.06 kB {[1m[33m0[39m[22m}[1m[32m [built][39m[22m
  [512] [1m./~/react-relay/lib/GraphQLRange.js[22m 35.9 kB {[1m[33m0[39m[22m}[1m[32m [built][39m[22m
  [513] [1m./~/react-relay/~/babel-runtime/helpers/define-property.js[22m 403 bytes {[1m[33m0[39m[22m}[1m[32m [built][39m[22m
  [514] [1m./~/react-relay/~/babel-runtime/core-js/object/define-property.js[22m 103 bytes {[1m[33m0[39m[22m}[1m[32m [built][39m[22m
  [515] [1m./~/core-js/library/fn/object/define-property.js[22m 130 bytes {[1m[33m0[39m[22m}[1m[32m [built][39m[22m
  [516] [1m./~/react-relay/lib/GraphQLMutatorConstants.js[22m 1.56 kB {[1m[33m0[39m[22m}[1m[32m [built][39m[22m
  [517] [1m./~/react-relay/lib/GraphQLSegment.js[22m 19 kB {[1m[33m0[39m[22m}[1m[32m [built][39m[22m
  [518] [1m./~/react-relay/lib/RelayMutationQueue.js[22m 13.6 kB {[1m[33m0[39m[22m}[1m[32m [built][39m[22m
  [519] [1m./~/react-relay/lib/RelayMutationQuery.js[22m 15.5 kB {[1m[33m0[39m[22m}[1m[32m [built][39m[22m
  [520] [1m./~/react-relay/lib/RelayMutationType.js[22m 605 bytes {[1m[33m0[39m[22m}[1m[32m [built][39m[22m
  [521] [1m./~/react-relay/lib/flattenRelayQuery.js[22m 3.65 kB {[1m[33m0[39m[22m}[1m[32m [built][39m[22m
  [522] [1m./~/react-relay/~/fbjs/lib/Map.js[22m 396 bytes {[1m[33m0[39m[22m}[1m[32m [built][39m[22m
  [523] [1m./~/core-js/library/es6/map.js[22m 208 bytes {[1m[33m0[39m[22m}[1m[32m [built][39m[22m
  [524] [1m./~/core-js/library/modules/es6.object.to-string.js[22m 0 bytes {[1m[33m0[39m[22m}[1m[32m [built][39m[22m
  [525] [1m./~/core-js/library/modules/es6.map.js[22m 526 bytes {[1m[33m0[39m[22m}[1m[32m [built][39m[22m
  [526] [1m./~/core-js/library/modules/$.collection-strong.js[22m 5.39 kB {[1m[33m0[39m[22m}[1m[32m [built][39m[22m
  [527] [1m./~/core-js/library/modules/$.redefine-all.js[22m 153 bytes {[1m[33m0[39m[22m}[1m[32m [built][39m[22m
  [528] [1m./~/core-js/library/modules/$.strict-new.js[22m 152 bytes {[1m[33m0[39m[22m}[1m[32m [built][39m[22m
  [529] [1m./~/core-js/library/modules/$.for-of.js[22m 891 bytes {[1m[33m0[39m[22m}[1m[32m [built][39m[22m
  [530] [1m./~/core-js/library/modules/$.set-species.js[22m 362 bytes {[1m[33m0[39m[22m}[1m[32m [built][39m[22m
  [531] [1m./~/core-js/library/modules/$.collection.js[22m 1.93 kB {[1m[33m0[39m[22m}[1m[32m [built][39m[22m
  [532] [1m./~/react-relay/lib/sortTypeFirst.js[22m 586 bytes {[1m[33m0[39m[22m}[1m[32m [built][39m[22m
  [533] [1m./~/react-relay/~/fbjs/lib/nullthrows.js[22m 511 bytes {[1m[33m0[39m[22m}[1m[32m [built][39m[22m
  [534] [1m./~/react-relay/lib/inferRelayFieldsFromData.js[22m 4.51 kB {[1m[33m0[39m[22m}[1m[32m [built][39m[22m
  [535] [1m./~/react-relay/lib/intersectRelayQuery.js[22m 4.68 kB {[1m[33m0[39m[22m}[1m[32m [built][39m[22m
  [536] [1m./~/react-relay/lib/RelayMutationRequest.js[22m 2.5 kB {[1m[33m0[39m[22m}[1m[32m [built][39m[22m
  [537] [1m./~/react-relay/~/fbjs/lib/Deferred.js[22m 1.92 kB {[1m[33m0[39m[22m}[1m[32m [built][39m[22m
  [538] [1m./~/react-relay/lib/printRelayQuery.js[22m 405 bytes {[1m[33m0[39m[22m}[1m[32m [built][39m[22m
  [539] [1m./~/react-relay/lib/printRelayOSSQuery.js[22m 9.72 kB {[1m[33m0[39m[22m}[1m[32m [built][39m[22m
  [540] [1m./~/react-relay/lib/fromGraphQL.js[22m 2.61 kB {[1m[33m0[39m[22m}[1m[32m [built][39m[22m
  [541] [1m./~/react-relay/lib/RelayPendingQueryTracker.js[22m 10.1 kB {[1m[33m0[39m[22m}[1m[32m [built][39m[22m
  [542] [1m./~/react-relay/~/fbjs/lib/PromiseMap.js[22m 1.88 kB {[1m[33m0[39m[22m}[1m[32m [built][39m[22m
  [543] [1m./~/react-relay/lib/containsRelayQueryRootCall.js[22m 2.02 kB {[1m[33m0[39m[22m}[1m[32m [built][39m[22m
  [544] [1m./~/react-relay/lib/fetchRelayQuery.js[22m 2.05 kB {[1m[33m0[39m[22m}[1m[32m [built][39m[22m
  [545] [1m./~/react-relay/lib/RelayQueryRequest.js[22m 2.54 kB {[1m[33m0[39m[22m}[1m[32m [built][39m[22m
  [546] [1m./~/react-relay/lib/subtractRelayQuery.js[22m 7.17 kB {[1m[33m0[39m[22m}[1m[32m [built][39m[22m
  [547] [1m./~/react-relay/lib/RelayQueryTracker.js[22m 3.22 kB {[1m[33m0[39m[22m}[1m[32m [built][39m[22m
  [548] [1m./~/react-relay/lib/RelayQueryWriter.js[22m 21.6 kB {[1m[33m0[39m[22m}[1m[32m [built][39m[22m
  [549] [1m./~/react-relay/lib/generateClientEdgeID.js[22m 656 bytes {[1m[33m0[39m[22m}[1m[32m [built][39m[22m
  [550] [1m./~/react-relay/lib/RelayRecordStore.js[22m 30.4 kB {[1m[33m0[39m[22m}[1m[32m [built][39m[22m
  [551] [1m./~/react-relay/lib/RelayRecordStatusMap.js[22m 1.37 kB {[1m[33m0[39m[22m}[1m[32m [built][39m[22m
  [552] [1m./~/react-relay/lib/readRelayDiskCache.js[22m 8.12 kB {[1m[33m0[39m[22m}[1m[32m [built][39m[22m
  [553] [1m./~/react-relay/lib/findRelayQueryLeaves.js[22m 8.64 kB {[1m[33m0[39m[22m}[1m[32m [built][39m[22m
  [554] [1m./~/react-relay/~/fbjs/lib/isEmpty.js[22m 667 bytes {[1m[33m0[39m[22m}[1m[32m [built][39m[22m
  [555] [1m./~/react-relay/lib/writeRelayQueryPayload.js[22m 1.09 kB {[1m[33m0[39m[22m}[1m[32m [built][39m[22m
  [556] [1m./~/react-relay/lib/writeRelayUpdatePayload.js[22m 17.4 kB {[1m[33m0[39m[22m}[1m[32m [built][39m[22m
  [557] [1m./~/react-relay/lib/RelayMutationTracker.js[22m 4.11 kB {[1m[33m0[39m[22m}[1m[32m [built][39m[22m
  [558] [1m./~/react-relay/lib/buildRQL.js[22m 5.13 kB {[1m[33m0[39m[22m}[1m[32m [built][39m[22m
  [559] [1m./~/react-relay/~/fbjs/lib/filterObject.js[22m 1.55 kB {[1m[33m0[39m[22m}[1m[32m [built][39m[22m
  [560] [1m./~/react-relay/lib/prepareRelayContainerProps.js[22m 427 bytes {[1m[33m0[39m[22m}[1m[32m [built][39m[22m
  [561] [1m./~/react-relay/lib/prepareRelayOSSContainerProps.js[22m 658 bytes {[1m[33m0[39m[22m}[1m[32m [built][39m[22m
  [562] [1m./~/react-relay/lib/isReactComponent.js[22m 671 bytes {[1m[33m0[39m[22m}[1m[32m [built][39m[22m
  [563] [1m./~/react-relay/lib/RelayMutation.js[22m 13 kB {[1m[33m0[39m[22m}[1m[32m [built][39m[22m
  [564] [1m./~/react-relay/lib/RelayQL.js[22m 3.02 kB {[1m[33m0[39m[22m}[1m[32m [built][39m[22m
  [565] [1m./~/react-relay/lib/RelayRootContainer.js[22m 3.95 kB {[1m[33m0[39m[22m}[1m[32m [built][39m[22m
  [566] [1m./~/react-relay/lib/RelayRenderer.js[22m 9.61 kB {[1m[33m0[39m[22m}[1m[32m [built][39m[22m
  [567] [1m./~/react-static-container/index.js[22m 360 bytes {[1m[33m0[39m[22m}[1m[32m [built][39m[22m
  [568] [1m./~/react-static-container/lib/StaticContainer.react.js[22m 3.59 kB {[1m[33m0[39m[22m}[1m[32m [built][39m[22m
  [569] [1m./~/react-relay/lib/getRelayQueries.js[22m 2.66 kB {[1m[33m0[39m[22m}[1m[32m [built][39m[22m
  [570] [1m./~/react-relay/lib/RelayRoute.js[22m 3.06 kB {[1m[33m0[39m[22m}[1m[32m [built][39m[22m
  [571] [1m./~/react-relay/lib/RelayQueryConfig.js[22m 2.28 kB {[1m[33m0[39m[22m}[1m[32m [built][39m[22m
  [572] [1m./~/react-relay/lib/RelayInternals.js[22m 953 bytes {[1m[33m0[39m[22m}[1m[32m [built][39m[22m
  [573] [1m./~/react-relay/lib/createRelayQuery.js[22m 920 bytes {[1m[33m0[39m[22m}[1m[32m [built][39m[22m
  [574] [1m./js/routes/AppHomeRoute.js[22m 1.96 kB {[1m[33m0[39m[22m}[1m[32m [built][39m[22m
webpack: bundle is now VALID.
